<?xml version="1.0" encoding="UTF-8"?>
<testsuite name="com.ceiba.parquedero.dominio.servicio.ServicioParqueaderoTest" tests="5" skipped="0" failures="0" errors="0" timestamp="2019-06-21T18:33:00" hostname="BRAYAN-SANCHEZ" time="1.031">
  <properties/>
  <testcase name="validarSinAccesoPorPlacas" classname="com.ceiba.parquedero.dominio.servicio.ServicioParqueaderoTest" time="1.028"/>
  <testcase name="validarSinCostoExtraMoto" classname="com.ceiba.parquedero.dominio.servicio.ServicioParqueaderoTest" time="0.0"/>
  <testcase name="validarCostoPorEstadia" classname="com.ceiba.parquedero.dominio.servicio.ServicioParqueaderoTest" time="0.002"/>
  <testcase name="validarConAccesoPorPlacas" classname="com.ceiba.parquedero.dominio.servicio.ServicioParqueaderoTest" time="0.0"/>
  <testcase name="validarConCostoExtraMoto" classname="com.ceiba.parquedero.dominio.servicio.ServicioParqueaderoTest" time="0.0"/>
  <system-out><![CDATA[]]></system-out>
  <system-err><![CDATA[]]></system-err>
</testsuite>
