<?xml version="1.0" encoding="UTF-8"?>
<testsuite name="com.ceiba.parquedero.ParquederoCeibaApplicationTests" tests="1" skipped="0" failures="0" errors="0" timestamp="2019-06-21T18:33:08" hostname="BRAYAN-SANCHEZ" time="0.011">
  <properties/>
  <testcase name="contextLoads" classname="com.ceiba.parquedero.ParquederoCeibaApplicationTests" time="0.011"/>
  <system-out><![CDATA[13:33:01.655 [Test worker] DEBUG org.springframework.test.context.junit4.SpringJUnit4ClassRunner - SpringJUnit4ClassRunner constructor called with [class com.ceiba.parquedero.ParquederoCeibaApplicationTests]
13:33:01.668 [Test worker] DEBUG org.springframework.test.context.BootstrapUtils - Instantiating CacheAwareContextLoaderDelegate from class [org.springframework.test.context.cache.DefaultCacheAwareContextLoaderDelegate]
13:33:01.695 [Test worker] DEBUG org.springframework.test.context.BootstrapUtils - Instantiating BootstrapContext using constructor [public org.springframework.test.context.support.DefaultBootstrapContext(java.lang.Class,org.springframework.test.context.CacheAwareContextLoaderDelegate)]
13:33:01.740 [Test worker] DEBUG org.springframework.test.context.BootstrapUtils - Instantiating TestContextBootstrapper for test class [com.ceiba.parquedero.ParquederoCeibaApplicationTests] from class [org.springframework.boot.test.context.SpringBootTestContextBootstrapper]
13:33:01.779 [Test worker] INFO org.springframework.boot.test.context.SpringBootTestContextBootstrapper - Neither @ContextConfiguration nor @ContextHierarchy found for test class [com.ceiba.parquedero.ParquederoCeibaApplicationTests], using SpringBootContextLoader
13:33:01.789 [Test worker] DEBUG org.springframework.test.context.support.AbstractContextLoader - Did not detect default resource location for test class [com.ceiba.parquedero.ParquederoCeibaApplicationTests]: class path resource [com/ceiba/parquedero/ParquederoCeibaApplicationTests-context.xml] does not exist
13:33:01.790 [Test worker] DEBUG org.springframework.test.context.support.AbstractContextLoader - Did not detect default resource location for test class [com.ceiba.parquedero.ParquederoCeibaApplicationTests]: class path resource [com/ceiba/parquedero/ParquederoCeibaApplicationTestsContext.groovy] does not exist
13:33:01.791 [Test worker] INFO org.springframework.test.context.support.AbstractContextLoader - Could not detect default resource locations for test class [com.ceiba.parquedero.ParquederoCeibaApplicationTests]: no resource found for suffixes {-context.xml, Context.groovy}.
13:33:01.793 [Test worker] INFO org.springframework.test.context.support.AnnotationConfigContextLoaderUtils - Could not detect default configuration classes for test class [com.ceiba.parquedero.ParquederoCeibaApplicationTests]: ParquederoCeibaApplicationTests does not declare any static, non-private, non-final, nested classes annotated with @Configuration.
13:33:01.897 [Test worker] DEBUG org.springframework.test.context.support.ActiveProfilesUtils - Could not find an 'annotation declaring class' for annotation type [org.springframework.test.context.ActiveProfiles] and class [com.ceiba.parquedero.ParquederoCeibaApplicationTests]
13:33:02.064 [Test worker] DEBUG org.springframework.context.annotation.ClassPathScanningCandidateComponentProvider - Identified candidate component class: file [C:\Users\brayan.sanchez\Documents\parqueadero\build\classes\java\main\com\ceiba\parquedero\ParquederoCeibaApplication.class]
13:33:02.066 [Test worker] INFO org.springframework.boot.test.context.SpringBootTestContextBootstrapper - Found @SpringBootConfiguration com.ceiba.parquedero.ParquederoCeibaApplication for test class com.ceiba.parquedero.ParquederoCeibaApplicationTests
13:33:02.297 [Test worker] DEBUG org.springframework.boot.test.context.SpringBootTestContextBootstrapper - @TestExecutionListeners is not present for class [com.ceiba.parquedero.ParquederoCeibaApplicationTests]: using defaults.
13:33:02.299 [Test worker] INFO org.springframework.boot.test.context.SpringBootTestContextBootstrapper - Loaded default TestExecutionListener class names from location [META-INF/spring.factories]: [org.springframework.boot.test.autoconfigure.restdocs.RestDocsTestExecutionListener, org.springframework.boot.test.autoconfigure.web.client.MockRestServiceServerResetTestExecutionListener, org.springframework.boot.test.autoconfigure.web.servlet.MockMvcPrintOnlyOnFailureTestExecutionListener, org.springframework.boot.test.autoconfigure.web.servlet.WebDriverTestExecutionListener, org.springframework.boot.test.mock.mockito.MockitoTestExecutionListener, org.springframework.boot.test.mock.mockito.ResetMocksTestExecutionListener, org.springframework.test.context.web.ServletTestExecutionListener, org.springframework.test.context.support.DirtiesContextBeforeModesTestExecutionListener, org.springframework.test.context.support.DependencyInjectionTestExecutionListener, org.springframework.test.context.support.DirtiesContextTestExecutionListener, org.springframework.test.context.transaction.TransactionalTestExecutionListener, org.springframework.test.context.jdbc.SqlScriptsTestExecutionListener]
13:33:02.337 [Test worker] DEBUG org.springframework.boot.test.context.SpringBootTestContextBootstrapper - Skipping candidate TestExecutionListener [org.springframework.test.context.transaction.TransactionalTestExecutionListener] due to a missing dependency. Specify custom listener classes or make the default listener classes and their required dependencies available. Offending class: [org/springframework/transaction/interceptor/TransactionAttributeSource]
13:33:02.339 [Test worker] DEBUG org.springframework.boot.test.context.SpringBootTestContextBootstrapper - Skipping candidate TestExecutionListener [org.springframework.test.context.jdbc.SqlScriptsTestExecutionListener] due to a missing dependency. Specify custom listener classes or make the default listener classes and their required dependencies available. Offending class: [org/springframework/transaction/interceptor/TransactionAttribute]
13:33:02.339 [Test worker] INFO org.springframework.boot.test.context.SpringBootTestContextBootstrapper - Using TestExecutionListeners: [org.springframework.test.context.web.ServletTestExecutionListener@5ce24c50, org.springframework.test.context.support.DirtiesContextBeforeModesTestExecutionListener@6b82e5c3, org.springframework.boot.test.mock.mockito.MockitoTestExecutionListener@53bb0b71, org.springframework.boot.test.autoconfigure.SpringBootDependencyInjectionTestExecutionListener@2f04591d, org.springframework.test.context.support.DirtiesContextTestExecutionListener@614a1061, org.springframework.boot.test.autoconfigure.restdocs.RestDocsTestExecutionListener@1d1a5d76, org.springframework.boot.test.autoconfigure.web.client.MockRestServiceServerResetTestExecutionListener@16f13d27, org.springframework.boot.test.autoconfigure.web.servlet.MockMvcPrintOnlyOnFailureTestExecutionListener@1b304255, org.springframework.boot.test.autoconfigure.web.servlet.WebDriverTestExecutionListener@2a48904a, org.springframework.boot.test.mock.mockito.ResetMocksTestExecutionListener@65769998]
13:33:02.344 [Test worker] DEBUG org.springframework.test.annotation.ProfileValueUtils - Retrieved @ProfileValueSourceConfiguration [null] for test class [com.ceiba.parquedero.ParquederoCeibaApplicationTests]
13:33:02.346 [Test worker] DEBUG org.springframework.test.annotation.ProfileValueUtils - Retrieved ProfileValueSource type [class org.springframework.test.annotation.SystemProfileValueSource] for class [com.ceiba.parquedero.ParquederoCeibaApplicationTests]
13:33:02.347 [Test worker] DEBUG org.springframework.test.annotation.ProfileValueUtils - Retrieved @ProfileValueSourceConfiguration [null] for test class [com.ceiba.parquedero.ParquederoCeibaApplicationTests]
13:33:02.347 [Test worker] DEBUG org.springframework.test.annotation.ProfileValueUtils - Retrieved ProfileValueSource type [class org.springframework.test.annotation.SystemProfileValueSource] for class [com.ceiba.parquedero.ParquederoCeibaApplicationTests]
13:33:02.356 [Test worker] DEBUG org.springframework.test.context.support.AbstractDirtiesContextTestExecutionListener - Before test class: context [DefaultTestContext@3a5bf2c3 testClass = ParquederoCeibaApplicationTests, testInstance = [null], testMethod = [null], testException = [null], mergedContextConfiguration = [WebMergedContextConfiguration@76656d35 testClass = ParquederoCeibaApplicationTests, locations = '{}', classes = '{class com.ceiba.parquedero.ParquederoCeibaApplication}', contextInitializerClasses = '[]', activeProfiles = '{}', propertySourceLocations = '{}', propertySourceProperties = '{org.springframework.boot.test.context.SpringBootTestContextBootstrapper=true}', contextCustomizers = set[org.springframework.boot.test.autoconfigure.properties.PropertyMappingContextCustomizer@0, org.springframework.boot.test.autoconfigure.web.servlet.WebDriverContextCustomizerFactory$Customizer@e8c4763, org.springframework.boot.test.context.filter.ExcludeFilterContextCustomizer@156270d8, org.springframework.boot.test.json.DuplicateJsonObjectContextCustomizerFactory$DuplicateJsonObjectContextCustomizer@2375cb0f, org.springframework.boot.test.mock.mockito.MockitoContextCustomizer@0, org.springframework.boot.test.web.client.TestRestTemplateContextCustomizer@da0eda], resourceBasePath = 'src/main/webapp', contextLoader = 'org.springframework.boot.test.context.SpringBootContextLoader', parent = [null]], attributes = map['org.springframework.test.context.web.ServletTestExecutionListener.activateListener' -> true]], class annotated with @DirtiesContext [false] with mode [null].
13:33:02.357 [Test worker] DEBUG org.springframework.test.annotation.ProfileValueUtils - Retrieved @ProfileValueSourceConfiguration [null] for test class [com.ceiba.parquedero.ParquederoCeibaApplicationTests]
13:33:02.357 [Test worker] DEBUG org.springframework.test.annotation.ProfileValueUtils - Retrieved ProfileValueSource type [class org.springframework.test.annotation.SystemProfileValueSource] for class [com.ceiba.parquedero.ParquederoCeibaApplicationTests]
13:33:02.411 [Test worker] DEBUG org.springframework.test.context.support.TestPropertySourceUtils - Adding inlined properties to environment: {spring.jmx.enabled=false, org.springframework.boot.test.context.SpringBootTestContextBootstrapper=true, server.port=-1}

  .   ____          _            __ _ _
 /\\ / ___'_ __ _ _(_)_ __  __ _ \ \ \ \
( ( )\___ | '_ | '_| | '_ \/ _` | \ \ \ \
 \\/  ___)| |_)| | | | | || (_| |  ) ) ) )
  '  |____| .__|_| |_|_| |_\__, | / / / /
 =========|_|==============|___/=/_/_/_/
 :: Spring Boot ::        (v2.1.5.RELEASE)

2019-06-21 13:33:03.098  INFO 15916 --- [    Test worker] c.c.p.ParquederoCeibaApplicationTests    : Starting ParquederoCeibaApplicationTests on BRAYAN-SANCHEZ with PID 15916 (started by brayan.sanchez in C:\Users\brayan.sanchez\Documents\parqueadero)
2019-06-21 13:33:03.100  INFO 15916 --- [    Test worker] c.c.p.ParquederoCeibaApplicationTests    : No active profile set, falling back to default profiles: default
2019-06-21 13:33:07.044  INFO 15916 --- [    Test worker] pertySourcedRequestMappingHandlerMapping : Mapped URL path [/v2/api-docs] onto method [public org.springframework.http.ResponseEntity<springfox.documentation.spring.web.json.Json> springfox.documentation.swagger2.web.Swagger2Controller.getDocumentation(java.lang.String,javax.servlet.http.HttpServletRequest)]
2019-06-21 13:33:07.776  INFO 15916 --- [    Test worker] o.s.s.concurrent.ThreadPoolTaskExecutor  : Initializing ExecutorService 'applicationTaskExecutor'
2019-06-21 13:33:08.184  INFO 15916 --- [    Test worker] d.s.w.p.DocumentationPluginsBootstrapper : Context refreshed
2019-06-21 13:33:08.230  INFO 15916 --- [    Test worker] d.s.w.p.DocumentationPluginsBootstrapper : Found 1 custom documentation plugin(s)
2019-06-21 13:33:08.292  INFO 15916 --- [    Test worker] s.d.s.w.s.ApiListingReferenceScanner     : Scanning for api listing references
2019-06-21 13:33:08.660  INFO 15916 --- [    Test worker] c.c.p.ParquederoCeibaApplicationTests    : Started ParquederoCeibaApplicationTests in 6.23 seconds (JVM running for 9.614)
]]></system-out>
  <system-err><![CDATA[]]></system-err>
</testsuite>
