<?xml version="1.0" encoding="UTF-8"?>
<testsuite name="com.ceiba.parquedero.ParquederoCeibaApplicationTests" tests="1" skipped="0" failures="0" errors="0" timestamp="2019-06-23T20:29:40" hostname="BRAYAN-SANCHEZ" time="0.008">
  <properties/>
  <testcase name="contextLoads" classname="com.ceiba.parquedero.ParquederoCeibaApplicationTests" time="0.008"/>
  <system-out><![CDATA[15:29:33.507 [Test worker] DEBUG org.springframework.test.context.junit4.SpringJUnit4ClassRunner - SpringJUnit4ClassRunner constructor called with [class com.ceiba.parquedero.ParquederoCeibaApplicationTests]
15:29:33.523 [Test worker] DEBUG org.springframework.test.context.BootstrapUtils - Instantiating CacheAwareContextLoaderDelegate from class [org.springframework.test.context.cache.DefaultCacheAwareContextLoaderDelegate]
15:29:33.539 [Test worker] DEBUG org.springframework.test.context.BootstrapUtils - Instantiating BootstrapContext using constructor [public org.springframework.test.context.support.DefaultBootstrapContext(java.lang.Class,org.springframework.test.context.CacheAwareContextLoaderDelegate)]
15:29:33.601 [Test worker] DEBUG org.springframework.test.context.BootstrapUtils - Instantiating TestContextBootstrapper for test class [com.ceiba.parquedero.ParquederoCeibaApplicationTests] from class [org.springframework.boot.test.context.SpringBootTestContextBootstrapper]
15:29:33.632 [Test worker] INFO org.springframework.boot.test.context.SpringBootTestContextBootstrapper - Neither @ContextConfiguration nor @ContextHierarchy found for test class [com.ceiba.parquedero.ParquederoCeibaApplicationTests], using SpringBootContextLoader
15:29:33.648 [Test worker] DEBUG org.springframework.test.context.support.AbstractContextLoader - Did not detect default resource location for test class [com.ceiba.parquedero.ParquederoCeibaApplicationTests]: class path resource [com/ceiba/parquedero/ParquederoCeibaApplicationTests-context.xml] does not exist
15:29:33.648 [Test worker] DEBUG org.springframework.test.context.support.AbstractContextLoader - Did not detect default resource location for test class [com.ceiba.parquedero.ParquederoCeibaApplicationTests]: class path resource [com/ceiba/parquedero/ParquederoCeibaApplicationTestsContext.groovy] does not exist
15:29:33.648 [Test worker] INFO org.springframework.test.context.support.AbstractContextLoader - Could not detect default resource locations for test class [com.ceiba.parquedero.ParquederoCeibaApplicationTests]: no resource found for suffixes {-context.xml, Context.groovy}.
15:29:33.648 [Test worker] INFO org.springframework.test.context.support.AnnotationConfigContextLoaderUtils - Could not detect default configuration classes for test class [com.ceiba.parquedero.ParquederoCeibaApplicationTests]: ParquederoCeibaApplicationTests does not declare any static, non-private, non-final, nested classes annotated with @Configuration.
15:29:33.726 [Test worker] DEBUG org.springframework.test.context.support.ActiveProfilesUtils - Could not find an 'annotation declaring class' for annotation type [org.springframework.test.context.ActiveProfiles] and class [com.ceiba.parquedero.ParquederoCeibaApplicationTests]
15:29:33.882 [Test worker] DEBUG org.springframework.context.annotation.ClassPathScanningCandidateComponentProvider - Identified candidate component class: file [C:\Users\brayan.sanchez\Documents\parqueadero\build\classes\java\main\com\ceiba\parquedero\ParquederoCeibaApplication.class]
15:29:33.882 [Test worker] INFO org.springframework.boot.test.context.SpringBootTestContextBootstrapper - Found @SpringBootConfiguration com.ceiba.parquedero.ParquederoCeibaApplication for test class com.ceiba.parquedero.ParquederoCeibaApplicationTests
15:29:34.179 [Test worker] DEBUG org.springframework.boot.test.context.SpringBootTestContextBootstrapper - @TestExecutionListeners is not present for class [com.ceiba.parquedero.ParquederoCeibaApplicationTests]: using defaults.
15:29:34.179 [Test worker] INFO org.springframework.boot.test.context.SpringBootTestContextBootstrapper - Loaded default TestExecutionListener class names from location [META-INF/spring.factories]: [org.springframework.boot.test.autoconfigure.restdocs.RestDocsTestExecutionListener, org.springframework.boot.test.autoconfigure.web.client.MockRestServiceServerResetTestExecutionListener, org.springframework.boot.test.autoconfigure.web.servlet.MockMvcPrintOnlyOnFailureTestExecutionListener, org.springframework.boot.test.autoconfigure.web.servlet.WebDriverTestExecutionListener, org.springframework.boot.test.mock.mockito.MockitoTestExecutionListener, org.springframework.boot.test.mock.mockito.ResetMocksTestExecutionListener, org.springframework.test.context.web.ServletTestExecutionListener, org.springframework.test.context.support.DirtiesContextBeforeModesTestExecutionListener, org.springframework.test.context.support.DependencyInjectionTestExecutionListener, org.springframework.test.context.support.DirtiesContextTestExecutionListener, org.springframework.test.context.transaction.TransactionalTestExecutionListener, org.springframework.test.context.jdbc.SqlScriptsTestExecutionListener]
15:29:34.210 [Test worker] DEBUG org.springframework.boot.test.context.SpringBootTestContextBootstrapper - Skipping candidate TestExecutionListener [org.springframework.test.context.transaction.TransactionalTestExecutionListener] due to a missing dependency. Specify custom listener classes or make the default listener classes and their required dependencies available. Offending class: [org/springframework/transaction/interceptor/TransactionAttributeSource]
15:29:34.210 [Test worker] DEBUG org.springframework.boot.test.context.SpringBootTestContextBootstrapper - Skipping candidate TestExecutionListener [org.springframework.test.context.jdbc.SqlScriptsTestExecutionListener] due to a missing dependency. Specify custom listener classes or make the default listener classes and their required dependencies available. Offending class: [org/springframework/transaction/interceptor/TransactionAttribute]
15:29:34.210 [Test worker] INFO org.springframework.boot.test.context.SpringBootTestContextBootstrapper - Using TestExecutionListeners: [org.springframework.test.context.web.ServletTestExecutionListener@28d2fa29, org.springframework.test.context.support.DirtiesContextBeforeModesTestExecutionListener@6067b46b, org.springframework.boot.test.mock.mockito.MockitoTestExecutionListener@19e19b15, org.springframework.boot.test.autoconfigure.SpringBootDependencyInjectionTestExecutionListener@4426cbb5, org.springframework.test.context.support.DirtiesContextTestExecutionListener@7b1a72aa, org.springframework.boot.test.autoconfigure.restdocs.RestDocsTestExecutionListener@2603554e, org.springframework.boot.test.autoconfigure.web.client.MockRestServiceServerResetTestExecutionListener@33af4ba8, org.springframework.boot.test.autoconfigure.web.servlet.MockMvcPrintOnlyOnFailureTestExecutionListener@41a6550b, org.springframework.boot.test.autoconfigure.web.servlet.WebDriverTestExecutionListener@6981f0b7, org.springframework.boot.test.mock.mockito.ResetMocksTestExecutionListener@559461ec]
15:29:34.210 [Test worker] DEBUG org.springframework.test.annotation.ProfileValueUtils - Retrieved @ProfileValueSourceConfiguration [null] for test class [com.ceiba.parquedero.ParquederoCeibaApplicationTests]
15:29:34.210 [Test worker] DEBUG org.springframework.test.annotation.ProfileValueUtils - Retrieved ProfileValueSource type [class org.springframework.test.annotation.SystemProfileValueSource] for class [com.ceiba.parquedero.ParquederoCeibaApplicationTests]
15:29:34.210 [Test worker] DEBUG org.springframework.test.annotation.ProfileValueUtils - Retrieved @ProfileValueSourceConfiguration [null] for test class [com.ceiba.parquedero.ParquederoCeibaApplicationTests]
15:29:34.226 [Test worker] DEBUG org.springframework.test.annotation.ProfileValueUtils - Retrieved ProfileValueSource type [class org.springframework.test.annotation.SystemProfileValueSource] for class [com.ceiba.parquedero.ParquederoCeibaApplicationTests]
15:29:34.226 [Test worker] DEBUG org.springframework.test.context.support.AbstractDirtiesContextTestExecutionListener - Before test class: context [DefaultTestContext@14ab3441 testClass = ParquederoCeibaApplicationTests, testInstance = [null], testMethod = [null], testException = [null], mergedContextConfiguration = [WebMergedContextConfiguration@3d9786d8 testClass = ParquederoCeibaApplicationTests, locations = '{}', classes = '{class com.ceiba.parquedero.ParquederoCeibaApplication}', contextInitializerClasses = '[]', activeProfiles = '{}', propertySourceLocations = '{}', propertySourceProperties = '{org.springframework.boot.test.context.SpringBootTestContextBootstrapper=true}', contextCustomizers = set[org.springframework.boot.test.autoconfigure.properties.PropertyMappingContextCustomizer@0, org.springframework.boot.test.autoconfigure.web.servlet.WebDriverContextCustomizerFactory$Customizer@49192619, org.springframework.boot.test.context.filter.ExcludeFilterContextCustomizer@32d027e3, org.springframework.boot.test.json.DuplicateJsonObjectContextCustomizerFactory$DuplicateJsonObjectContextCustomizer@4c2596f6, org.springframework.boot.test.mock.mockito.MockitoContextCustomizer@0, org.springframework.boot.test.web.client.TestRestTemplateContextCustomizer@621f9eb9], resourceBasePath = 'src/main/webapp', contextLoader = 'org.springframework.boot.test.context.SpringBootContextLoader', parent = [null]], attributes = map['org.springframework.test.context.web.ServletTestExecutionListener.activateListener' -> true]], class annotated with @DirtiesContext [false] with mode [null].
15:29:34.226 [Test worker] DEBUG org.springframework.test.annotation.ProfileValueUtils - Retrieved @ProfileValueSourceConfiguration [null] for test class [com.ceiba.parquedero.ParquederoCeibaApplicationTests]
15:29:34.226 [Test worker] DEBUG org.springframework.test.annotation.ProfileValueUtils - Retrieved ProfileValueSource type [class org.springframework.test.annotation.SystemProfileValueSource] for class [com.ceiba.parquedero.ParquederoCeibaApplicationTests]
15:29:34.273 [Test worker] DEBUG org.springframework.test.context.support.TestPropertySourceUtils - Adding inlined properties to environment: {spring.jmx.enabled=false, org.springframework.boot.test.context.SpringBootTestContextBootstrapper=true, server.port=-1}

  .   ____          _            __ _ _
 /\\ / ___'_ __ _ _(_)_ __  __ _ \ \ \ \
( ( )\___ | '_ | '_| | '_ \/ _` | \ \ \ \
 \\/  ___)| |_)| | | | | || (_| |  ) ) ) )
  '  |____| .__|_| |_|_| |_\__, | / / / /
 =========|_|==============|___/=/_/_/_/
 :: Spring Boot ::        (v2.1.5.RELEASE)

2019-06-23 15:29:34.851  INFO 13368 --- [    Test worker] c.c.p.ParquederoCeibaApplicationTests    : Starting ParquederoCeibaApplicationTests on BRAYAN-SANCHEZ with PID 13368 (started by brayan.sanchez in C:\Users\brayan.sanchez\Documents\parqueadero)
2019-06-23 15:29:34.867  INFO 13368 --- [    Test worker] c.c.p.ParquederoCeibaApplicationTests    : No active profile set, falling back to default profiles: default
2019-06-23 15:29:38.390  INFO 13368 --- [    Test worker] pertySourcedRequestMappingHandlerMapping : Mapped URL path [/v2/api-docs] onto method [public org.springframework.http.ResponseEntity<springfox.documentation.spring.web.json.Json> springfox.documentation.swagger2.web.Swagger2Controller.getDocumentation(java.lang.String,javax.servlet.http.HttpServletRequest)]
2019-06-23 15:29:39.140  INFO 13368 --- [    Test worker] o.s.s.concurrent.ThreadPoolTaskExecutor  : Initializing ExecutorService 'applicationTaskExecutor'
2019-06-23 15:29:39.546  INFO 13368 --- [    Test worker] d.s.w.p.DocumentationPluginsBootstrapper : Context refreshed
2019-06-23 15:29:39.593  INFO 13368 --- [    Test worker] d.s.w.p.DocumentationPluginsBootstrapper : Found 1 custom documentation plugin(s)
2019-06-23 15:29:39.671  INFO 13368 --- [    Test worker] s.d.s.w.s.ApiListingReferenceScanner     : Scanning for api listing references
2019-06-23 15:29:40.030  INFO 13368 --- [    Test worker] c.c.p.ParquederoCeibaApplicationTests    : Started ParquederoCeibaApplicationTests in 5.726 seconds (JVM running for 10.35)
]]></system-out>
  <system-err><![CDATA[]]></system-err>
</testsuite>
