<?xml version="1.0" encoding="UTF-8"?>
<testsuite name="com.ceiba.parquedero.dominio.servicio.ServicioCrearRegistroTest" tests="4" skipped="0" failures="0" errors="0" timestamp="2019-06-24T12:31:09" hostname="BRAYAN-SANCHEZ" time="0.992">
  <properties/>
  <testcase name="validarPlazasDisponiblesCarro" classname="com.ceiba.parquedero.dominio.servicio.ServicioCrearRegistroTest" time="0.989"/>
  <testcase name="validarExistenciaMoto" classname="com.ceiba.parquedero.dominio.servicio.ServicioCrearRegistroTest" time="0.002"/>
  <testcase name="validarExistenciaCarro" classname="com.ceiba.parquedero.dominio.servicio.ServicioCrearRegistroTest" time="0.001"/>
  <testcase name="validarPlazasDisponiblesMoto" classname="com.ceiba.parquedero.dominio.servicio.ServicioCrearRegistroTest" time="0.0"/>
  <system-out><![CDATA[]]></system-out>
  <system-err><![CDATA[]]></system-err>
</testsuite>
