<?xml version="1.0" encoding="UTF-8"?>
<testsuite name="com.ceiba.parquedero.dominio.servicio.ServicioParqueaderoTest" tests="9" skipped="0" failures="0" errors="0" timestamp="2019-06-26T02:35:42" hostname="BRAYAN-SANCHEZ" time="0.025">
  <properties/>
  <testcase name="validarEspacioDisponibleCarro" classname="com.ceiba.parquedero.dominio.servicio.ServicioParqueaderoTest" time="0.009"/>
  <testcase name="validarSinAccesoPorPlacas" classname="com.ceiba.parquedero.dominio.servicio.ServicioParqueaderoTest" time="0.001"/>
  <testcase name="validarCostoPorEstadiaMotoConExtra" classname="com.ceiba.parquedero.dominio.servicio.ServicioParqueaderoTest" time="0.002"/>
  <testcase name="validarCostoPorEstadiaMoto" classname="com.ceiba.parquedero.dominio.servicio.ServicioParqueaderoTest" time="0.001"/>
  <testcase name="validarSinCostoExtraMoto" classname="com.ceiba.parquedero.dominio.servicio.ServicioParqueaderoTest" time="0.001"/>
  <testcase name="validarConAccesoPorPlacas" classname="com.ceiba.parquedero.dominio.servicio.ServicioParqueaderoTest" time="0.001"/>
  <testcase name="validarCostoPorEstadiaCarro" classname="com.ceiba.parquedero.dominio.servicio.ServicioParqueaderoTest" time="0.0"/>
  <testcase name="validarEspacioDisponibleMoto" classname="com.ceiba.parquedero.dominio.servicio.ServicioParqueaderoTest" time="0.001"/>
  <testcase name="validarConCostoExtraMoto" classname="com.ceiba.parquedero.dominio.servicio.ServicioParqueaderoTest" time="0.001"/>
  <system-out><![CDATA[]]></system-out>
  <system-err><![CDATA[]]></system-err>
</testsuite>
