<?xml version="1.0" encoding="UTF-8"?>
<testsuite name="com.ceiba.parquederoCeiba.dominio.servicio.ServicioParqueaderoTest" tests="5" skipped="0" failures="0" errors="0" timestamp="2019-06-18T20:56:14" hostname="BRAYAN-SANCHEZ" time="0.027">
  <properties/>
  <testcase name="validarSinAccesoPorPlacas" classname="com.ceiba.parquederoCeiba.dominio.servicio.ServicioParqueaderoTest" time="0.022"/>
  <testcase name="validarSinCostoExtraMoto" classname="com.ceiba.parquederoCeiba.dominio.servicio.ServicioParqueaderoTest" time="0.0"/>
  <testcase name="validarCostoPorEstadia" classname="com.ceiba.parquederoCeiba.dominio.servicio.ServicioParqueaderoTest" time="0.003"/>
  <testcase name="validarConAccesoPorPlacas" classname="com.ceiba.parquederoCeiba.dominio.servicio.ServicioParqueaderoTest" time="0.0"/>
  <testcase name="validarConCostoExtraMoto" classname="com.ceiba.parquederoCeiba.dominio.servicio.ServicioParqueaderoTest" time="0.0"/>
  <system-out><![CDATA[]]></system-out>
  <system-err><![CDATA[]]></system-err>
</testsuite>
