<?xml version="1.0" encoding="UTF-8"?>
<testsuite name="com.ceiba.parquedero.dominio.servicio.ServicioParqueaderoTest" tests="5" skipped="0" failures="0" errors="0" timestamp="2019-06-23T20:29:32" hostname="BRAYAN-SANCHEZ" time="1.141">
  <properties/>
  <testcase name="validarSinAccesoPorPlacas" classname="com.ceiba.parquedero.dominio.servicio.ServicioParqueaderoTest" time="1.127"/>
  <testcase name="validarSinCostoExtraMoto" classname="com.ceiba.parquedero.dominio.servicio.ServicioParqueaderoTest" time="0.001"/>
  <testcase name="validarCostoPorEstadia" classname="com.ceiba.parquedero.dominio.servicio.ServicioParqueaderoTest" time="0.004"/>
  <testcase name="validarConAccesoPorPlacas" classname="com.ceiba.parquedero.dominio.servicio.ServicioParqueaderoTest" time="0.001"/>
  <testcase name="validarConCostoExtraMoto" classname="com.ceiba.parquedero.dominio.servicio.ServicioParqueaderoTest" time="0.001"/>
  <system-out><![CDATA[]]></system-out>
  <system-err><![CDATA[]]></system-err>
</testsuite>
