<?xml version="1.0" encoding="UTF-8"?>
<testsuite name="com.ceiba.parquedero.ParquederoCeibaApplicationTests" tests="1" skipped="0" failures="0" errors="0" timestamp="2019-06-26T02:35:52" hostname="BRAYAN-SANCHEZ" time="0.003">
  <properties/>
  <testcase name="contextLoads" classname="com.ceiba.parquedero.ParquederoCeibaApplicationTests" time="0.003"/>
  <system-out><![CDATA[2019-06-25 21:35:50.321  INFO 7888 --- [    Test worker] .b.t.c.SpringBootTestContextBootstrapper : Neither @ContextConfiguration nor @ContextHierarchy found for test class [com.ceiba.parquedero.ParquederoCeibaApplicationTests], using SpringBootContextLoader
2019-06-25 21:35:50.323  INFO 7888 --- [    Test worker] o.s.t.c.support.AbstractContextLoader    : Could not detect default resource locations for test class [com.ceiba.parquedero.ParquederoCeibaApplicationTests]: no resource found for suffixes {-context.xml, Context.groovy}.
2019-06-25 21:35:50.323  INFO 7888 --- [    Test worker] t.c.s.AnnotationConfigContextLoaderUtils : Could not detect default configuration classes for test class [com.ceiba.parquedero.ParquederoCeibaApplicationTests]: ParquederoCeibaApplicationTests does not declare any static, non-private, non-final, nested classes annotated with @Configuration.
2019-06-25 21:35:50.330  INFO 7888 --- [    Test worker] .b.t.c.SpringBootTestContextBootstrapper : Found @SpringBootConfiguration com.ceiba.parquedero.ParquederoCeibaApplication for test class com.ceiba.parquedero.ParquederoCeibaApplicationTests
2019-06-25 21:35:50.333  INFO 7888 --- [    Test worker] .b.t.c.SpringBootTestContextBootstrapper : Loaded default TestExecutionListener class names from location [META-INF/spring.factories]: [org.springframework.boot.test.autoconfigure.restdocs.RestDocsTestExecutionListener, org.springframework.boot.test.autoconfigure.web.client.MockRestServiceServerResetTestExecutionListener, org.springframework.boot.test.autoconfigure.web.servlet.MockMvcPrintOnlyOnFailureTestExecutionListener, org.springframework.boot.test.autoconfigure.web.servlet.WebDriverTestExecutionListener, org.springframework.boot.test.mock.mockito.MockitoTestExecutionListener, org.springframework.boot.test.mock.mockito.ResetMocksTestExecutionListener, org.springframework.test.context.web.ServletTestExecutionListener, org.springframework.test.context.support.DirtiesContextBeforeModesTestExecutionListener, org.springframework.test.context.support.DependencyInjectionTestExecutionListener, org.springframework.test.context.support.DirtiesContextTestExecutionListener, org.springframework.test.context.transaction.TransactionalTestExecutionListener, org.springframework.test.context.jdbc.SqlScriptsTestExecutionListener]
2019-06-25 21:35:50.335  INFO 7888 --- [    Test worker] .b.t.c.SpringBootTestContextBootstrapper : Using TestExecutionListeners: [org.springframework.test.context.web.ServletTestExecutionListener@7755cec1, org.springframework.test.context.support.DirtiesContextBeforeModesTestExecutionListener@3c300c14, org.springframework.boot.test.mock.mockito.MockitoTestExecutionListener@454c9308, org.springframework.boot.test.autoconfigure.SpringBootDependencyInjectionTestExecutionListener@44d95aa5, org.springframework.test.context.support.DirtiesContextTestExecutionListener@1da3a739, org.springframework.boot.test.autoconfigure.restdocs.RestDocsTestExecutionListener@21cf4835, org.springframework.boot.test.autoconfigure.web.client.MockRestServiceServerResetTestExecutionListener@ba5bd7, org.springframework.boot.test.autoconfigure.web.servlet.MockMvcPrintOnlyOnFailureTestExecutionListener@eb82517, org.springframework.boot.test.autoconfigure.web.servlet.WebDriverTestExecutionListener@ea2d196, org.springframework.boot.test.mock.mockito.ResetMocksTestExecutionListener@55f7ae97]

  .   ____          _            __ _ _
 /\\ / ___'_ __ _ _(_)_ __  __ _ \ \ \ \
( ( )\___ | '_ | '_| | '_ \/ _` | \ \ \ \
 \\/  ___)| |_)| | | | | || (_| |  ) ) ) )
  '  |____| .__|_| |_|_| |_\__, | / / / /
 =========|_|==============|___/=/_/_/_/
 :: Spring Boot ::        (v2.1.5.RELEASE)

2019-06-25 21:35:50.382  INFO 7888 --- [    Test worker] c.c.p.ParquederoCeibaApplicationTests    : Starting ParquederoCeibaApplicationTests on BRAYAN-SANCHEZ with PID 7888 (started by brayan.sanchez in C:\Users\brayan.sanchez\Documents\parqueadero)
2019-06-25 21:35:50.382  INFO 7888 --- [    Test worker] c.c.p.ParquederoCeibaApplicationTests    : No active profile set, falling back to default profiles: default
2019-06-25 21:35:51.397  INFO 7888 --- [    Test worker] pertySourcedRequestMappingHandlerMapping : Mapped URL path [/v2/api-docs] onto method [public org.springframework.http.ResponseEntity<springfox.documentation.spring.web.json.Json> springfox.documentation.swagger2.web.Swagger2Controller.getDocumentation(java.lang.String,javax.servlet.http.HttpServletRequest)]
2019-06-25 21:35:51.757  INFO 7888 --- [    Test worker] o.s.s.concurrent.ThreadPoolTaskExecutor  : Initializing ExecutorService 'applicationTaskExecutor'
2019-06-25 21:35:51.994  INFO 7888 --- [    Test worker] d.s.w.p.DocumentationPluginsBootstrapper : Context refreshed
2019-06-25 21:35:51.995  INFO 7888 --- [    Test worker] d.s.w.p.DocumentationPluginsBootstrapper : Found 1 custom documentation plugin(s)
2019-06-25 21:35:52.004  INFO 7888 --- [    Test worker] s.d.s.w.s.ApiListingReferenceScanner     : Scanning for api listing references
2019-06-25 21:35:52.080  INFO 7888 --- [    Test worker] c.c.p.ParquederoCeibaApplicationTests    : Started ParquederoCeibaApplicationTests in 1.741 seconds (JVM running for 11.92)
]]></system-out>
  <system-err><![CDATA[]]></system-err>
</testsuite>
