<?xml version="1.0" encoding="UTF-8"?>
<testsuite name="com.ceiba.parquedero.infraestructura.controlador.ControladorRegistroTest" tests="4" skipped="0" failures="0" errors="0" timestamp="2019-06-26T13:16:03" hostname="BRAYAN-SANCHEZ" time="0.448">
  <properties/>
  <testcase name="testActualizarRegistros" classname="com.ceiba.parquedero.infraestructura.controlador.ControladorRegistroTest" time="0.33"/>
  <testcase name="testCrearRegistros" classname="com.ceiba.parquedero.infraestructura.controlador.ControladorRegistroTest" time="0.04"/>
  <testcase name="testGetRegistros" classname="com.ceiba.parquedero.infraestructura.controlador.ControladorRegistroTest" time="0.039"/>
  <testcase name="testActualizarRegistroFallo" classname="com.ceiba.parquedero.infraestructura.controlador.ControladorRegistroTest" time="0.036"/>
  <system-out><![CDATA[08:15:56.516 [Test worker] DEBUG org.springframework.test.context.junit4.SpringJUnit4ClassRunner - SpringJUnit4ClassRunner constructor called with [class com.ceiba.parquedero.infraestructura.controlador.ControladorRegistroTest]
08:15:56.532 [Test worker] DEBUG org.springframework.test.context.BootstrapUtils - Instantiating CacheAwareContextLoaderDelegate from class [org.springframework.test.context.cache.DefaultCacheAwareContextLoaderDelegate]
08:15:56.556 [Test worker] DEBUG org.springframework.test.context.BootstrapUtils - Instantiating BootstrapContext using constructor [public org.springframework.test.context.support.DefaultBootstrapContext(java.lang.Class,org.springframework.test.context.CacheAwareContextLoaderDelegate)]
08:15:56.617 [Test worker] DEBUG org.springframework.test.context.BootstrapUtils - Instantiating TestContextBootstrapper for test class [com.ceiba.parquedero.infraestructura.controlador.ControladorRegistroTest] from class [org.springframework.boot.test.context.SpringBootTestContextBootstrapper]
08:15:56.649 [Test worker] INFO org.springframework.boot.test.context.SpringBootTestContextBootstrapper - Neither @ContextConfiguration nor @ContextHierarchy found for test class [com.ceiba.parquedero.infraestructura.controlador.ControladorRegistroTest], using SpringBootContextLoader
08:15:56.658 [Test worker] DEBUG org.springframework.test.context.support.AbstractContextLoader - Did not detect default resource location for test class [com.ceiba.parquedero.infraestructura.controlador.ControladorRegistroTest]: class path resource [com/ceiba/parquedero/infraestructura/controlador/ControladorRegistroTest-context.xml] does not exist
08:15:56.660 [Test worker] DEBUG org.springframework.test.context.support.AbstractContextLoader - Did not detect default resource location for test class [com.ceiba.parquedero.infraestructura.controlador.ControladorRegistroTest]: class path resource [com/ceiba/parquedero/infraestructura/controlador/ControladorRegistroTestContext.groovy] does not exist
08:15:56.661 [Test worker] INFO org.springframework.test.context.support.AbstractContextLoader - Could not detect default resource locations for test class [com.ceiba.parquedero.infraestructura.controlador.ControladorRegistroTest]: no resource found for suffixes {-context.xml, Context.groovy}.
08:15:56.664 [Test worker] INFO org.springframework.test.context.support.AnnotationConfigContextLoaderUtils - Could not detect default configuration classes for test class [com.ceiba.parquedero.infraestructura.controlador.ControladorRegistroTest]: ControladorRegistroTest does not declare any static, non-private, non-final, nested classes annotated with @Configuration.
08:15:56.779 [Test worker] DEBUG org.springframework.test.context.support.ActiveProfilesUtils - Could not find an 'annotation declaring class' for annotation type [org.springframework.test.context.ActiveProfiles] and class [com.ceiba.parquedero.infraestructura.controlador.ControladorRegistroTest]
08:15:56.942 [Test worker] DEBUG org.springframework.context.annotation.ClassPathScanningCandidateComponentProvider - Identified candidate component class: file [C:\Users\brayan.sanchez\Documents\parqueadero\build\classes\java\main\com\ceiba\parquedero\ParquederoCeibaApplication.class]
08:15:56.944 [Test worker] INFO org.springframework.boot.test.context.SpringBootTestContextBootstrapper - Found @SpringBootConfiguration com.ceiba.parquedero.ParquederoCeibaApplication for test class com.ceiba.parquedero.infraestructura.controlador.ControladorRegistroTest
08:15:57.159 [Test worker] DEBUG org.springframework.boot.test.context.SpringBootTestContextBootstrapper - @TestExecutionListeners is not present for class [com.ceiba.parquedero.infraestructura.controlador.ControladorRegistroTest]: using defaults.
08:15:57.160 [Test worker] INFO org.springframework.boot.test.context.SpringBootTestContextBootstrapper - Loaded default TestExecutionListener class names from location [META-INF/spring.factories]: [org.springframework.boot.test.autoconfigure.restdocs.RestDocsTestExecutionListener, org.springframework.boot.test.autoconfigure.web.client.MockRestServiceServerResetTestExecutionListener, org.springframework.boot.test.autoconfigure.web.servlet.MockMvcPrintOnlyOnFailureTestExecutionListener, org.springframework.boot.test.autoconfigure.web.servlet.WebDriverTestExecutionListener, org.springframework.boot.test.mock.mockito.MockitoTestExecutionListener, org.springframework.boot.test.mock.mockito.ResetMocksTestExecutionListener, org.springframework.test.context.web.ServletTestExecutionListener, org.springframework.test.context.support.DirtiesContextBeforeModesTestExecutionListener, org.springframework.test.context.support.DependencyInjectionTestExecutionListener, org.springframework.test.context.support.DirtiesContextTestExecutionListener, org.springframework.test.context.transaction.TransactionalTestExecutionListener, org.springframework.test.context.jdbc.SqlScriptsTestExecutionListener]
08:15:57.184 [Test worker] DEBUG org.springframework.boot.test.context.SpringBootTestContextBootstrapper - Skipping candidate TestExecutionListener [org.springframework.test.context.transaction.TransactionalTestExecutionListener] due to a missing dependency. Specify custom listener classes or make the default listener classes and their required dependencies available. Offending class: [org/springframework/transaction/interceptor/TransactionAttributeSource]
08:15:57.186 [Test worker] DEBUG org.springframework.boot.test.context.SpringBootTestContextBootstrapper - Skipping candidate TestExecutionListener [org.springframework.test.context.jdbc.SqlScriptsTestExecutionListener] due to a missing dependency. Specify custom listener classes or make the default listener classes and their required dependencies available. Offending class: [org/springframework/transaction/interceptor/TransactionAttribute]
08:15:57.187 [Test worker] INFO org.springframework.boot.test.context.SpringBootTestContextBootstrapper - Using TestExecutionListeners: [org.springframework.test.context.web.ServletTestExecutionListener@61881cb7, org.springframework.test.context.support.DirtiesContextBeforeModesTestExecutionListener@5b38209e, org.springframework.boot.test.mock.mockito.MockitoTestExecutionListener@4b3de02d, org.springframework.boot.test.autoconfigure.SpringBootDependencyInjectionTestExecutionListener@17e563c5, org.springframework.test.context.support.DirtiesContextTestExecutionListener@3629b82a, org.springframework.boot.test.autoconfigure.restdocs.RestDocsTestExecutionListener@2c8f52a1, org.springframework.boot.test.autoconfigure.web.client.MockRestServiceServerResetTestExecutionListener@817f395, org.springframework.boot.test.autoconfigure.web.servlet.MockMvcPrintOnlyOnFailureTestExecutionListener@34504219, org.springframework.boot.test.autoconfigure.web.servlet.WebDriverTestExecutionListener@4fc35451, org.springframework.boot.test.mock.mockito.ResetMocksTestExecutionListener@190f0d52]
08:15:57.190 [Test worker] DEBUG org.springframework.test.annotation.ProfileValueUtils - Retrieved @ProfileValueSourceConfiguration [null] for test class [com.ceiba.parquedero.infraestructura.controlador.ControladorRegistroTest]
08:15:57.192 [Test worker] DEBUG org.springframework.test.annotation.ProfileValueUtils - Retrieved ProfileValueSource type [class org.springframework.test.annotation.SystemProfileValueSource] for class [com.ceiba.parquedero.infraestructura.controlador.ControladorRegistroTest]
08:15:57.192 [Test worker] DEBUG org.springframework.test.annotation.ProfileValueUtils - Retrieved @ProfileValueSourceConfiguration [null] for test class [com.ceiba.parquedero.infraestructura.controlador.ControladorRegistroTest]
08:15:57.193 [Test worker] DEBUG org.springframework.test.annotation.ProfileValueUtils - Retrieved ProfileValueSource type [class org.springframework.test.annotation.SystemProfileValueSource] for class [com.ceiba.parquedero.infraestructura.controlador.ControladorRegistroTest]
08:15:57.200 [Test worker] DEBUG org.springframework.test.context.support.AbstractDirtiesContextTestExecutionListener - Before test class: context [DefaultTestContext@7449730 testClass = ControladorRegistroTest, testInstance = [null], testMethod = [null], testException = [null], mergedContextConfiguration = [WebMergedContextConfiguration@56005fad testClass = ControladorRegistroTest, locations = '{}', classes = '{class com.ceiba.parquedero.ParquederoCeibaApplication}', contextInitializerClasses = '[]', activeProfiles = '{}', propertySourceLocations = '{}', propertySourceProperties = '{org.springframework.boot.test.context.SpringBootTestContextBootstrapper=true}', contextCustomizers = set[org.springframework.boot.test.autoconfigure.properties.PropertyMappingContextCustomizer@e7e8512, org.springframework.boot.test.autoconfigure.web.servlet.WebDriverContextCustomizerFactory$Customizer@42b74f6c, [ImportsContextCustomizer@19468b55 key = [org.springframework.boot.test.autoconfigure.web.servlet.MockMvcAutoConfiguration, org.springframework.boot.test.autoconfigure.web.servlet.MockMvcSecurityAutoConfiguration, org.springframework.boot.test.autoconfigure.web.servlet.MockMvcWebClientAutoConfiguration, org.springframework.boot.test.autoconfigure.web.servlet.MockMvcWebDriverAutoConfiguration]], org.springframework.boot.test.context.filter.ExcludeFilterContextCustomizer@19cf2742, org.springframework.boot.test.json.DuplicateJsonObjectContextCustomizerFactory$DuplicateJsonObjectContextCustomizer@34cbe81, org.springframework.boot.test.mock.mockito.MockitoContextCustomizer@0, org.springframework.boot.test.web.client.TestRestTemplateContextCustomizer@3e6a2d48], resourceBasePath = 'src/main/webapp', contextLoader = 'org.springframework.boot.test.context.SpringBootContextLoader', parent = [null]], attributes = map['org.springframework.test.context.web.ServletTestExecutionListener.activateListener' -> true]], class annotated with @DirtiesContext [false] with mode [null].
08:15:57.201 [Test worker] DEBUG org.springframework.test.annotation.ProfileValueUtils - Retrieved @ProfileValueSourceConfiguration [null] for test class [com.ceiba.parquedero.infraestructura.controlador.ControladorRegistroTest]
08:15:57.202 [Test worker] DEBUG org.springframework.test.annotation.ProfileValueUtils - Retrieved ProfileValueSource type [class org.springframework.test.annotation.SystemProfileValueSource] for class [com.ceiba.parquedero.infraestructura.controlador.ControladorRegistroTest]
08:15:57.285 [Test worker] DEBUG org.springframework.test.context.support.TestPropertySourceUtils - Adding inlined properties to environment: {spring.jmx.enabled=false, org.springframework.boot.test.context.SpringBootTestContextBootstrapper=true, server.port=-1}

  .   ____          _            __ _ _
 /\\ / ___'_ __ _ _(_)_ __  __ _ \ \ \ \
( ( )\___ | '_ | '_| | '_ \/ _` | \ \ \ \
 \\/  ___)| |_)| | | | | || (_| |  ) ) ) )
  '  |____| .__|_| |_|_| |_\__, | / / / /
 =========|_|==============|___/=/_/_/_/
 :: Spring Boot ::        (v2.1.5.RELEASE)

2019-06-26 08:15:57.946  INFO 1916 --- [    Test worker] c.c.p.i.c.ControladorRegistroTest        : Starting ControladorRegistroTest on BRAYAN-SANCHEZ with PID 1916 (started by brayan.sanchez in C:\Users\brayan.sanchez\Documents\parqueadero)
2019-06-26 08:15:57.951  INFO 1916 --- [    Test worker] c.c.p.i.c.ControladorRegistroTest        : No active profile set, falling back to default profiles: default
2019-06-26 08:16:01.684  INFO 1916 --- [    Test worker] pertySourcedRequestMappingHandlerMapping : Mapped URL path [/v2/api-docs] onto method [public org.springframework.http.ResponseEntity<springfox.documentation.spring.web.json.Json> springfox.documentation.swagger2.web.Swagger2Controller.getDocumentation(java.lang.String,javax.servlet.http.HttpServletRequest)]
2019-06-26 08:16:02.448  INFO 1916 --- [    Test worker] o.s.s.concurrent.ThreadPoolTaskExecutor  : Initializing ExecutorService 'applicationTaskExecutor'
2019-06-26 08:16:02.905  INFO 1916 --- [    Test worker] o.s.b.t.m.w.SpringBootMockServletContext : Initializing Spring TestDispatcherServlet ''
2019-06-26 08:16:02.905  INFO 1916 --- [    Test worker] o.s.t.web.servlet.TestDispatcherServlet  : Initializing Servlet ''
2019-06-26 08:16:02.930  INFO 1916 --- [    Test worker] o.s.t.web.servlet.TestDispatcherServlet  : Completed initialization in 25 ms
2019-06-26 08:16:02.970  INFO 1916 --- [    Test worker] d.s.w.p.DocumentationPluginsBootstrapper : Context refreshed
2019-06-26 08:16:03.049  INFO 1916 --- [    Test worker] d.s.w.p.DocumentationPluginsBootstrapper : Found 1 custom documentation plugin(s)
2019-06-26 08:16:03.117  INFO 1916 --- [    Test worker] s.d.s.w.s.ApiListingReferenceScanner     : Scanning for api listing references
2019-06-26 08:16:03.502  INFO 1916 --- [    Test worker] c.c.p.i.c.ControladorRegistroTest        : Started ControladorRegistroTest in 6.202 seconds (JVM running for 9.942)
2019-06-26 08:16:03.572  INFO 1916 --- [    Test worker] o.s.mock.web.MockServletContext          : Initializing Spring TestDispatcherServlet ''
2019-06-26 08:16:03.572  INFO 1916 --- [    Test worker] o.s.t.web.servlet.TestDispatcherServlet  : Initializing Servlet ''
2019-06-26 08:16:03.572  INFO 1916 --- [    Test worker] o.s.t.web.servlet.TestDispatcherServlet  : Completed initialization in 0 ms
2019-06-26 08:16:03.888  INFO 1916 --- [    Test worker] o.s.mock.web.MockServletContext          : Initializing Spring TestDispatcherServlet ''
2019-06-26 08:16:03.889  INFO 1916 --- [    Test worker] o.s.t.web.servlet.TestDispatcherServlet  : Initializing Servlet ''
2019-06-26 08:16:03.889  INFO 1916 --- [    Test worker] o.s.t.web.servlet.TestDispatcherServlet  : Completed initialization in 0 ms
2019-06-26 08:16:03.925  INFO 1916 --- [    Test worker] o.s.mock.web.MockServletContext          : Initializing Spring TestDispatcherServlet ''
2019-06-26 08:16:03.926  INFO 1916 --- [    Test worker] o.s.t.web.servlet.TestDispatcherServlet  : Initializing Servlet ''
2019-06-26 08:16:03.927  INFO 1916 --- [    Test worker] o.s.t.web.servlet.TestDispatcherServlet  : Completed initialization in 0 ms
2019-06-26 08:16:03.968  INFO 1916 --- [    Test worker] o.s.mock.web.MockServletContext          : Initializing Spring TestDispatcherServlet ''
2019-06-26 08:16:03.968  INFO 1916 --- [    Test worker] o.s.t.web.servlet.TestDispatcherServlet  : Initializing Servlet ''
2019-06-26 08:16:03.969  INFO 1916 --- [    Test worker] o.s.t.web.servlet.TestDispatcherServlet  : Completed initialization in 0 ms
]]></system-out>
  <system-err><![CDATA[]]></system-err>
</testsuite>
