<?xml version="1.0" encoding="UTF-8"?>
<testsuite name="com.ceiba.parquedero.ParquederoCeibaApplicationTests" tests="1" skipped="0" failures="0" errors="0" timestamp="2019-06-26T13:16:05" hostname="BRAYAN-SANCHEZ" time="0.003">
  <properties/>
  <testcase name="contextLoads" classname="com.ceiba.parquedero.ParquederoCeibaApplicationTests" time="0.003"/>
  <system-out><![CDATA[2019-06-26 08:16:03.980  INFO 1916 --- [    Test worker] .b.t.c.SpringBootTestContextBootstrapper : Neither @ContextConfiguration nor @ContextHierarchy found for test class [com.ceiba.parquedero.ParquederoCeibaApplicationTests], using SpringBootContextLoader
2019-06-26 08:16:03.982  INFO 1916 --- [    Test worker] o.s.t.c.support.AbstractContextLoader    : Could not detect default resource locations for test class [com.ceiba.parquedero.ParquederoCeibaApplicationTests]: no resource found for suffixes {-context.xml, Context.groovy}.
2019-06-26 08:16:03.982  INFO 1916 --- [    Test worker] t.c.s.AnnotationConfigContextLoaderUtils : Could not detect default configuration classes for test class [com.ceiba.parquedero.ParquederoCeibaApplicationTests]: ParquederoCeibaApplicationTests does not declare any static, non-private, non-final, nested classes annotated with @Configuration.
2019-06-26 08:16:03.989  INFO 1916 --- [    Test worker] .b.t.c.SpringBootTestContextBootstrapper : Found @SpringBootConfiguration com.ceiba.parquedero.ParquederoCeibaApplication for test class com.ceiba.parquedero.ParquederoCeibaApplicationTests
2019-06-26 08:16:03.991  INFO 1916 --- [    Test worker] .b.t.c.SpringBootTestContextBootstrapper : Loaded default TestExecutionListener class names from location [META-INF/spring.factories]: [org.springframework.boot.test.autoconfigure.restdocs.RestDocsTestExecutionListener, org.springframework.boot.test.autoconfigure.web.client.MockRestServiceServerResetTestExecutionListener, org.springframework.boot.test.autoconfigure.web.servlet.MockMvcPrintOnlyOnFailureTestExecutionListener, org.springframework.boot.test.autoconfigure.web.servlet.WebDriverTestExecutionListener, org.springframework.boot.test.mock.mockito.MockitoTestExecutionListener, org.springframework.boot.test.mock.mockito.ResetMocksTestExecutionListener, org.springframework.test.context.web.ServletTestExecutionListener, org.springframework.test.context.support.DirtiesContextBeforeModesTestExecutionListener, org.springframework.test.context.support.DependencyInjectionTestExecutionListener, org.springframework.test.context.support.DirtiesContextTestExecutionListener, org.springframework.test.context.transaction.TransactionalTestExecutionListener, org.springframework.test.context.jdbc.SqlScriptsTestExecutionListener]
2019-06-26 08:16:03.994  INFO 1916 --- [    Test worker] .b.t.c.SpringBootTestContextBootstrapper : Using TestExecutionListeners: [org.springframework.test.context.web.ServletTestExecutionListener@46947bab, org.springframework.test.context.support.DirtiesContextBeforeModesTestExecutionListener@6bd91550, org.springframework.boot.test.mock.mockito.MockitoTestExecutionListener@7e8cc8e7, org.springframework.boot.test.autoconfigure.SpringBootDependencyInjectionTestExecutionListener@7a46a569, org.springframework.test.context.support.DirtiesContextTestExecutionListener@1f6ac0a9, org.springframework.boot.test.autoconfigure.restdocs.RestDocsTestExecutionListener@3cba2581, org.springframework.boot.test.autoconfigure.web.client.MockRestServiceServerResetTestExecutionListener@24e90901, org.springframework.boot.test.autoconfigure.web.servlet.MockMvcPrintOnlyOnFailureTestExecutionListener@6bcb8d18, org.springframework.boot.test.autoconfigure.web.servlet.WebDriverTestExecutionListener@22ed6740, org.springframework.boot.test.mock.mockito.ResetMocksTestExecutionListener@4f16d8b1]

  .   ____          _            __ _ _
 /\\ / ___'_ __ _ _(_)_ __  __ _ \ \ \ \
( ( )\___ | '_ | '_| | '_ \/ _` | \ \ \ \
 \\/  ___)| |_)| | | | | || (_| |  ) ) ) )
  '  |____| .__|_| |_|_| |_\__, | / / / /
 =========|_|==============|___/=/_/_/_/
 :: Spring Boot ::        (v2.1.5.RELEASE)

2019-06-26 08:16:04.034  INFO 1916 --- [    Test worker] c.c.p.ParquederoCeibaApplicationTests    : Starting ParquederoCeibaApplicationTests on BRAYAN-SANCHEZ with PID 1916 (started by brayan.sanchez in C:\Users\brayan.sanchez\Documents\parqueadero)
2019-06-26 08:16:04.034  INFO 1916 --- [    Test worker] c.c.p.ParquederoCeibaApplicationTests    : No active profile set, falling back to default profiles: default
2019-06-26 08:16:05.067  INFO 1916 --- [    Test worker] pertySourcedRequestMappingHandlerMapping : Mapped URL path [/v2/api-docs] onto method [public org.springframework.http.ResponseEntity<springfox.documentation.spring.web.json.Json> springfox.documentation.swagger2.web.Swagger2Controller.getDocumentation(java.lang.String,javax.servlet.http.HttpServletRequest)]
2019-06-26 08:16:05.413  INFO 1916 --- [    Test worker] o.s.s.concurrent.ThreadPoolTaskExecutor  : Initializing ExecutorService 'applicationTaskExecutor'
2019-06-26 08:16:05.666  INFO 1916 --- [    Test worker] d.s.w.p.DocumentationPluginsBootstrapper : Context refreshed
2019-06-26 08:16:05.668  INFO 1916 --- [    Test worker] d.s.w.p.DocumentationPluginsBootstrapper : Found 1 custom documentation plugin(s)
2019-06-26 08:16:05.678  INFO 1916 --- [    Test worker] s.d.s.w.s.ApiListingReferenceScanner     : Scanning for api listing references
2019-06-26 08:16:05.759  INFO 1916 --- [    Test worker] c.c.p.ParquederoCeibaApplicationTests    : Started ParquederoCeibaApplicationTests in 1.761 seconds (JVM running for 12.198)
]]></system-out>
  <system-err><![CDATA[]]></system-err>
</testsuite>
